mode: set
github.com/e2u/goboot/logger.go:16.91,18.2 1 0
github.com/e2u/goboot/logger.go:20.19,23.2 2 0
github.com/e2u/goboot/logger.go:25.42,29.16 4 0
github.com/e2u/goboot/logger.go:44.2,48.16 4 0
github.com/e2u/goboot/logger.go:51.2,52.36 2 0
github.com/e2u/goboot/logger.go:30.2,31.21 1 0
github.com/e2u/goboot/logger.go:32.2,33.46 1 0
github.com/e2u/goboot/logger.go:34.2,35.46 1 0
github.com/e2u/goboot/logger.go:36.2,37.107 1 0
github.com/e2u/goboot/logger.go:37.107,39.4 1 0
github.com/e2u/goboot/logger.go:39.4,41.4 1 0
github.com/e2u/goboot/logger.go:48.16,50.3 1 0
github.com/e2u/goboot/startup.go:14.24,16.34 2 0
github.com/e2u/goboot/startup.go:23.2,24.36 2 0
github.com/e2u/goboot/startup.go:16.34,17.17 1 0
github.com/e2u/goboot/startup.go:20.3,20.12 1 0
github.com/e2u/goboot/startup.go:17.17,18.14 1 0
github.com/e2u/goboot/startup.go:24.36,26.3 1 0
github.com/e2u/goboot/startup.go:29.37,31.2 1 0
github.com/e2u/goboot/startup.go:33.47,35.2 1 0
github.com/e2u/goboot/startup.go:37.42,39.2 1 0
github.com/e2u/goboot/startup.go:41.47,43.20 2 1
github.com/e2u/goboot/startup.go:46.2,46.66 1 1
github.com/e2u/goboot/startup.go:43.20,45.3 1 1
github.com/e2u/goboot/string.go:3.31,5.2 1 0
github.com/e2u/goboot/string.go:7.36,9.2 1 0
github.com/e2u/goboot/config.go:19.61,21.16 2 1
github.com/e2u/goboot/config.go:25.2,27.39 1 1
github.com/e2u/goboot/config.go:36.2,36.10 1 1
github.com/e2u/goboot/config.go:21.16,22.13 1 1
github.com/e2u/goboot/config.go:27.39,30.4 2 1
github.com/e2u/goboot/config.go:31.39,34.4 2 1
github.com/e2u/goboot/config.go:39.68,40.9 1 1
github.com/e2u/goboot/config.go:41.2,42.40 1 1
github.com/e2u/goboot/config.go:43.2,44.40 1 1
github.com/e2u/goboot/config.go:45.2,46.66 1 1
github.com/e2u/goboot/config.go:50.68,51.47 1 1
github.com/e2u/goboot/config.go:56.2,56.22 1 1
github.com/e2u/goboot/config.go:51.47,53.3 1 1
github.com/e2u/goboot/config.go:53.3,53.33 1 1
github.com/e2u/goboot/config.go:53.33,55.3 1 1
github.com/e2u/goboot/config.go:59.71,60.47 1 1
github.com/e2u/goboot/config.go:65.2,65.22 1 1
github.com/e2u/goboot/config.go:60.47,62.3 1 1
github.com/e2u/goboot/config.go:62.3,62.33 1 1
github.com/e2u/goboot/config.go:62.33,64.3 1 1
github.com/e2u/goboot/config.go:68.93,69.47 1 1
github.com/e2u/goboot/config.go:74.2,74.22 1 1
github.com/e2u/goboot/config.go:69.47,71.3 1 1
github.com/e2u/goboot/config.go:71.3,71.33 1 1
github.com/e2u/goboot/config.go:71.33,73.3 1 1
github.com/e2u/goboot/config.go:77.80,78.47 1 1
github.com/e2u/goboot/config.go:83.2,83.22 1 1
github.com/e2u/goboot/config.go:78.47,80.3 1 1
github.com/e2u/goboot/config.go:80.3,80.33 1 1
github.com/e2u/goboot/config.go:80.33,82.3 1 1
github.com/e2u/goboot/config.go:86.77,87.47 1 1
github.com/e2u/goboot/config.go:92.2,92.22 1 1
github.com/e2u/goboot/config.go:87.47,89.3 1 1
github.com/e2u/goboot/config.go:89.3,89.33 1 1
github.com/e2u/goboot/config.go:89.33,91.3 1 1
github.com/e2u/goboot/config.go:95.81,96.47 1 1
github.com/e2u/goboot/config.go:102.2,102.22 1 1
github.com/e2u/goboot/config.go:96.47,98.3 1 1
github.com/e2u/goboot/config.go:98.3,98.33 1 1
github.com/e2u/goboot/config.go:98.33,101.3 2 1
github.com/e2u/goboot/config.go:105.95,106.47 1 1
github.com/e2u/goboot/config.go:112.2,112.22 1 1
github.com/e2u/goboot/config.go:106.47,108.3 1 1
github.com/e2u/goboot/config.go:108.3,108.33 1 1
github.com/e2u/goboot/config.go:108.33,111.3 2 1
github.com/e2u/goboot/config.go:115.71,116.47 1 1
github.com/e2u/goboot/config.go:121.2,121.22 1 1
github.com/e2u/goboot/config.go:116.47,118.3 1 1
github.com/e2u/goboot/config.go:118.3,118.33 1 1
github.com/e2u/goboot/config.go:118.33,120.3 1 1
github.com/e2u/goboot/config.go:124.77,125.47 1 1
github.com/e2u/goboot/config.go:130.2,130.22 1 1
github.com/e2u/goboot/config.go:125.47,127.3 1 1
github.com/e2u/goboot/config.go:127.3,127.33 1 1
github.com/e2u/goboot/config.go:127.33,129.3 1 1
github.com/e2u/goboot/config.go:133.78,135.38 2 1
github.com/e2u/goboot/config.go:141.2,141.41 1 1
github.com/e2u/goboot/config.go:146.2,146.22 1 1
github.com/e2u/goboot/config.go:135.38,137.3 1 1
github.com/e2u/goboot/config.go:137.3,137.44 1 1
github.com/e2u/goboot/config.go:137.44,139.3 1 1
github.com/e2u/goboot/config.go:141.41,143.3 1 1
github.com/e2u/goboot/config.go:143.3,143.33 1 1
github.com/e2u/goboot/config.go:143.33,145.3 1 1
github.com/e2u/goboot/config.go:149.83,151.38 2 1
github.com/e2u/goboot/config.go:157.2,157.63 1 1
github.com/e2u/goboot/config.go:162.2,162.22 1 1
github.com/e2u/goboot/config.go:151.38,153.3 1 1
github.com/e2u/goboot/config.go:153.3,153.44 1 1
github.com/e2u/goboot/config.go:153.44,155.3 1 1
github.com/e2u/goboot/config.go:157.63,159.3 1 1
github.com/e2u/goboot/config.go:159.3,159.33 1 1
github.com/e2u/goboot/config.go:159.33,161.3 1 1
github.com/e2u/goboot/goboot.go:13.24,17.2 3 0
github.com/e2u/goboot/goboot.go:19.16,22.2 2 0
github.com/e2u/goboot/goboot.go:24.18,25.12 1 0
github.com/e2u/goboot/goboot.go:25.12,27.20 2 0
github.com/e2u/goboot/goboot.go:30.3,58.42 3 0
github.com/e2u/goboot/goboot.go:27.20,29.4 1 0
